---------------------------------------
Begin Slurm Prolog: Mar-06-2026 23:50:05
Job ID:    4671734
User ID:   dfu71
Account:   gts-yke8
Job name:  afcluster_boltz
Partition: gpu-a100
QOS:       inferno
---------------------------------------
CONFORMERS_ROOT=/storage/home/hcoda1/6/dfu71/scratch/conformers
ROOT=/storage/home/hcoda1/6/dfu71/scratch/conformers/pipelines/afcluster
SEED_PDB=/storage/home/hcoda1/6/dfu71/scratch/conformers/data/avb3/template_example/seed_090_frame_000.pdb
CHAIN_A_ID=A
CHAIN_B_ID=B
OUTDIR=/storage/home/hcoda1/6/dfu71/scratch/conformers/data/runs/afcluster/avb3/slurm_afcluster_boltz_4671734
BACKEND=boltzgen
PROTOCOL=protein-anything
NUM_DESIGNS=10000
BUDGET=200
BOLTZGEN_BIN=boltzgen
BOLTZ_VENV=/storage/home/hcoda1/6/dfu71/scratch/venv_boltz
gemmi=0.6.5
[1/4] Clustering chain A MSA
---------------------------------------
Begin Slurm Epilog: Mar-06-2026 23:50:41
Job ID:        4671734
User ID:       dfu71
Account:       gts-yke8
Job name:      afcluster_boltz
Resources:     cpu=8,gres/gpu:a100=1,mem=64G,node=1
Rsrc Used:     cput=00:04:48,vmem=0,walltime=00:00:36,mem=273068K,energy_used=0
Partition:     gpu-a100
QOS:           inferno
Nodes:         atl1-1-01-006-9-0
---------------------------------------
