---------------------------------------
Begin Slurm Prolog: Mar-06-2026 15:01:49
Job ID:    4662741
User ID:   dfu71
Account:   gts-yke8
Job name:  afcluster_boltz
Partition: gpu-a100
QOS:       inferno
---------------------------------------
CONFORMERS_ROOT=/storage/home/hcoda1/6/dfu71/scratch/conformers
ROOT=/storage/home/hcoda1/6/dfu71/scratch/conformers/pipelines/afcluster
SEQUENCE_FILE=/storage/home/hcoda1/6/dfu71/scratch/conformers/data/a5b1/sequences/sequences_updated
OUTDIR=/storage/home/hcoda1/6/dfu71/scratch/conformers/data/runs/afcluster/slurm_afcluster_boltz_4662741
BOLTZ_VENV=/storage/home/hcoda1/6/dfu71/scratch/venv_boltz
gemmi=0.6.5
Wrote chain A (971 aa): Integrin α5-Avi
Wrote chain B (818 aa): Integrin β1-spycatcher
---------------------------------------
Begin Slurm Epilog: Mar-06-2026 15:01:55
Job ID:        4662741
User ID:       dfu71
Account:       gts-yke8
Job name:      afcluster_boltz
Resources:     cpu=8,gres/gpu:a100=1,mem=64G,node=1
Rsrc Used:     cput=00:00:56,vmem=0,walltime=00:00:07,mem=57016K,energy_used=0
Partition:     gpu-a100
QOS:           inferno
Nodes:         atl1-1-01-006-5-0
---------------------------------------
