Traceback (most recent call last):
  File "/storage/scratch1/6/dfu71/venv_boltz/bin/boltzgen", line 8, in <module>
    sys.exit(main())
             ^^^^^^
  File "/storage/scratch1/6/dfu71/venv_boltz/lib/python3.12/site-packages/boltzgen/cli/boltzgen.py", line 1737, in main
    run_command(args)
  File "/storage/scratch1/6/dfu71/venv_boltz/lib/python3.12/site-packages/boltzgen/cli/boltzgen.py", line 573, in run_command
    configure_command(args)
  File "/storage/scratch1/6/dfu71/venv_boltz/lib/python3.12/site-packages/boltzgen/cli/boltzgen.py", line 645, in configure_command
    check_design_specs(args, moldir, mols)
  File "/storage/scratch1/6/dfu71/venv_boltz/lib/python3.12/site-packages/boltzgen/cli/boltzgen.py", line 1252, in check_design_specs
    check_design_spec(args, moldir, design_spec, mols)
  File "/storage/scratch1/6/dfu71/venv_boltz/lib/python3.12/site-packages/boltzgen/cli/boltzgen.py", line 1287, in check_design_spec
    parsed = parser.parse_yaml(design_spec, mols, moldir)
             ^^^^^^^^^^^^^^^^^^^^^^^^^^^^^^^^^^^^^^^^^^^^
  File "/storage/scratch1/6/dfu71/venv_boltz/lib/python3.12/site-packages/boltzgen/data/parse/schema.py", line 1091, in parse_yaml
    target = self.parse_boltzgen_schema(
             ^^^^^^^^^^^^^^^^^^^^^^^^^^^
  File "/storage/scratch1/6/dfu71/venv_boltz/lib/python3.12/site-packages/boltzgen/data/parse/schema.py", line 1143, in parse_boltzgen_schema
    raise ValueError(msg)
ValueError: Found invalid keys in yaml file: {'template_filter', 'force_template', 'force_template_threshold', 'cif', 'version', 'chain_id', 'template_inclusion_prob', 'templates', 'sequences'}.
Valid keys are: ['entities', 'protein', 'dna', 'rna', 'id', 'sequence', 'ligand', 'ccd', 'secondary_structure', 'file', 'path', 'msa', 'include', 'chain', 'include_proximity', 'res_index', 'radius', 'binding_types', 'binding', 'not_binding', 'structure_groups', 'group', 'visibility', 'design', 'loop', 'helix', 'sheet', 'design_insertions', 'insertion', 'num_residues', 'fuse', 'exclude', 'smiles', 'cyclic', 'bonds', 'bond', 'atom1', 'atom2', 'bondtype', 'structure_group', 'constraints', 'total_len', 'min', 'max', 'reset_res_index', 'not_design', 'leaving_atoms', 'atom', 'use_assembly', 'symmetric_group']
