---------------------------------------
Begin Slurm Prolog: Mar-02-2026 23:42:17
Job ID:    4570125
User ID:   dfu71
Account:   gts-yke8
Job name:  protenix_template
Partition: gpu-a100
QOS:       inferno
---------------------------------------
PROTENIX_ROOT_DIR: /storage/home/hcoda1/6/dfu71/scratch/Protenix
mmcif source:      /storage/home/hcoda1/6/dfu71/scratch/conformers/mmcif
mmcif target:      /storage/home/hcoda1/6/dfu71/scratch/Protenix/mmcif
train scheduler 16.0
inference scheduler 16.0
Diffusion Module has 16.0
---------------------------------------
Begin Slurm Epilog: Mar-02-2026 23:49:21
Job ID:        4570125
User ID:       dfu71
Account:       gts-yke8
Job name:      protenix_template
Resources:     cpu=8,gres/gpu:a100=1,mem=64G,node=1
Rsrc Used:     cput=00:56:32,vmem=0,walltime=00:07:04,mem=11868K,energy_used=0
Partition:     gpu-a100
QOS:           inferno
Nodes:         atl1-1-01-006-9-0
---------------------------------------
