Lmod Warning:
-------------------------------------------------------------------------------
The following dependent module(s) are not currently loaded:
libxml2/2.13.5-xvypeyo (required by: cuda/12.9.1)
-------------------------------------------------------------------------------




The following have been reloaded with a version change:
  1) libxml2/2.13.5-xvypeyo => libxml2/2.10.3-74cdfsk
  2) xz/5.6.3-u3gckxx => xz/5.2.5-y72uqzs

2026-02-28 00:29:00,512 [/storage/scratch1/6/dfu71/Protenix/runner/inference.py:617] INFO __main__: Using params for model protenix_base_default_v1.0.0: cycle=10, step=200
2026-02-28 00:29:00,512 [/storage/scratch1/6/dfu71/Protenix/runner/inference.py:632] INFO __main__: Inference by Protenix: model_size: base, with_feature: default, model_version: v1.0.0, dtype: bf16
2026-02-28 00:29:00,781 [/storage/scratch1/6/dfu71/Protenix/runner/inference.py:638] INFO __main__: Triangle kernels: multiplicative=cuequivariance, attention=cuequivariance
2026-02-28 00:29:00,781 [/storage/scratch1/6/dfu71/Protenix/runner/inference.py:642] INFO __main__: Optimization: shared_vars_cache=True, efficient_fusion=True, tf32=True
2026-02-28 00:29:00,784 [/storage/scratch1/6/dfu71/Protenix/runner/inference.py:313] INFO __main__: Downloading data cache from
 https://protenix.tos-cn-beijing.volces.com/common/components.cif...
 to /storage/home/hcoda1/6/dfu71/common/components.cif
2026-02-28 00:29:21,991 [/storage/scratch1/6/dfu71/Protenix/runner/inference.py:313] INFO __main__: Downloading data cache from
 https://protenix.tos-cn-beijing.volces.com/common/components.cif.rdkit_mol.pkl...
 to /storage/home/hcoda1/6/dfu71/common/components.cif.rdkit_mol.pkl
2026-02-28 00:29:29,703 [/storage/scratch1/6/dfu71/Protenix/runner/inference.py:313] INFO __main__: Downloading data cache from
 https://protenix.tos-cn-beijing.volces.com/common/clusters-by-entity-40.txt...
 to /storage/home/hcoda1/6/dfu71/common/clusters-by-entity-40.txt
2026-02-28 00:37:36,554 [/storage/scratch1/6/dfu71/Protenix/runner/inference.py:313] INFO __main__: Downloading data cache from
 https://protenix.tos-cn-beijing.volces.com/common/obsolete_release_date.csv...
 to /storage/home/hcoda1/6/dfu71/common/obsolete_release_date.csv
2026-02-28 00:38:04,228 [/storage/scratch1/6/dfu71/Protenix/runner/inference.py:331] INFO __main__: Downloading data cache from
 https://protenix.tos-cn-beijing.volces.com/common/obsolete_to_successor.json...
 to /storage/home/hcoda1/6/dfu71/common/obsolete_to_successor.json
2026-02-28 00:38:24,110 [/storage/scratch1/6/dfu71/Protenix/runner/inference.py:331] INFO __main__: Downloading data cache from
 https://protenix.tos-cn-beijing.volces.com/common/release_date_cache.json...
 to /storage/home/hcoda1/6/dfu71/common/release_date_cache.json
2026-02-28 00:38:51,159 [/storage/scratch1/6/dfu71/Protenix/runner/inference.py:344] INFO __main__: Downloading model checkpoint from
 https://protenix.tos-cn-beijing.volces.com/checkpoint/protenix_base_default_v1.0.0.pt...
 to /storage/home/hcoda1/6/dfu71/checkpoint/protenix_base_default_v1.0.0.pt
2026-02-28 00:39:44,329 [/storage/scratch1/6/dfu71/Protenix/runner/inference.py:246] INFO __main__: Distributed environment: world size: 1, global rank: 0, local rank: 0
2026-02-28 00:39:44,330 [/storage/scratch1/6/dfu71/Protenix/runner/inference.py:98] INFO root: LOCAL_RANK: 0 - CUDA_VISIBLE_DEVICES: [0]
2026-02-28 00:39:44,343 [/storage/scratch1/6/dfu71/Protenix/runner/inference.py:123] INFO root: Kernels will be compiled when fast_layernorm is first called.
2026-02-28 00:39:44,343 [/storage/scratch1/6/dfu71/Protenix/runner/inference.py:127] INFO root: Finished environment initialization.
2026-02-28 00:40:48,499 [/storage/scratch1/6/dfu71/Protenix/runner/inference.py:246] INFO __main__: Loading from /storage/home/hcoda1/6/dfu71/checkpoint/protenix_base_default_v1.0.0.pt, strict: True
2026-02-28 00:40:49,792 [/storage/scratch1/6/dfu71/Protenix/runner/inference.py:246] INFO __main__: Sampled key: module.input_embedder.atom_attention_encoder.linear_no_bias_ref_pos.weight
2026-02-28 00:40:49,983 [/storage/scratch1/6/dfu71/Protenix/runner/inference.py:246] INFO __main__: Finish loading checkpoint.
2026-02-28 00:40:49,995 [/storage/scratch1/6/dfu71/Protenix/runner/inference.py:246] INFO __main__: Model parameters: 368.48M
2026-02-28 00:40:50,002 [/storage/scratch1/6/dfu71/Protenix/runner/inference.py:420] INFO __main__: Loading data from ./examples/examples_with_template/example_9fm7.json
2026-02-28 00:40:50,051 [/storage/scratch1/6/dfu71/Protenix/runner/inference.py:443] ERROR __main__: Dataloader initialization failed: Inference with template depends on the mmcif directory.
The mmcif directory containing cif files should be placed under $PROTENIX_ROOT_DIR/mmcif.
You can download it from PDB https://www.wwpdb.org/ftp/pdb-ftp-sites or
refer to scripts/database/download_protenix_data.sh to download inference dependency files, or set use_template=false for inference.
Traceback (most recent call last):
  File "/storage/scratch1/6/dfu71/Protenix/runner/inference.py", line 438, in infer_predict
    dataloader = get_inference_dataloader(configs=configs)
                 ^^^^^^^^^^^^^^^^^^^^^^^^^^^^^^^^^^^^^^^^^
  File "/storage/scratch1/6/dfu71/venv_protenix/lib/python3.12/site-packages/protenix/data/inference/infer_dataloader.py", line 51, in get_inference_dataloader
    inference_dataset = InferenceDataset(
                        ^^^^^^^^^^^^^^^^^
  File "/storage/scratch1/6/dfu71/venv_protenix/lib/python3.12/site-packages/protenix/data/inference/infer_dataloader.py", line 88, in __init__
    assert template_mmcif_dir is not None and os.path.exists(
           ^^^^^^^^^^^^^^^^^^^^^^^^^^^^^^^^^^^^^^^^^^^^^^^^^^
AssertionError: Inference with template depends on the mmcif directory.
The mmcif directory containing cif files should be placed under $PROTENIX_ROOT_DIR/mmcif.
You can download it from PDB https://www.wwpdb.org/ftp/pdb-ftp-sites or
refer to scripts/database/download_protenix_data.sh to download inference dependency files, or set use_template=false for inference.

